Build started 18/02/2016 9:18:57.
     1>Project "c:\Users\ubiratanvc\documents\visual studio 2013\Projects\Project7\Project7\Project7.vcxproj" on node 2 (Build target(s)).
     1>ClCompile:
         C:\Program Files (x86)\Microsoft Visual Studio 12.0\VC\bin\CL.exe /c /ZI /nologo /W3 /WX- /sdl /Od /Oy- /D _MBCS /Gm /EHsc /RTC1 /MDd /GS /fp:precise /Zc:wchar_t /Zc:forScope /Fo"Debug\\" /Fd"Debug\vc120.pdb" /Gd /TC /analyze- /errorReport:prompt Source.cpp
         Source.cpp
     1>c:\users\ubiratanvc\documents\visual studio 2013\projects\project7\project7\source.cpp(3): error C2054: expected '(' to follow 'main'
     1>Done Building Project "c:\Users\ubiratanvc\documents\visual studio 2013\Projects\Project7\Project7\Project7.vcxproj" (Build target(s)) -- FAILED.

Build FAILED.

Time Elapsed 00:00:00.76
